<?xml version="1.0" encoding="UTF-8"?>
<testsuite name="ru.nsu.khomchenko.MachineTest" tests="3" skipped="0" failures="0" errors="0" timestamp="2021-03-24T03:41:59" hostname="LAPTOP-0N6FK2US" time="0.013">
  <properties/>
  <testcase name="testMoveOneStep()" classname="ru.nsu.khomchenko.MachineTest" time="0.007"/>
  <testcase name="testGetSetProgramSymbol()" classname="ru.nsu.khomchenko.MachineTest" time="0.003"/>
  <testcase name="testStep()" classname="ru.nsu.khomchenko.MachineTest" time="0.001"/>
  <system-out><![CDATA[]]></system-out>
  <system-err><![CDATA[]]></system-err>
</testsuite>
